<?xml version="1.0" encoding="UTF-8"?>
<testExecutions version="1">
  <file path="/home/runner/work/mcp-console-automation/mcp-console-automation/src/tests/outputFilterEngine.test.ts">
    <testCase name="OutputFilterEngine Basic Pattern Matching should filter lines with simple regex pattern" duration="49"/>
    <testCase name="OutputFilterEngine Basic Pattern Matching should handle case-insensitive matching" duration="2"/>
    <testCase name="OutputFilterEngine Basic Pattern Matching should handle complex regex patterns" duration="3"/>
    <testCase name="OutputFilterEngine Time-based Filtering should filter by absolute timestamp (ISO)" duration="3"/>
    <testCase name="OutputFilterEngine Time-based Filtering should filter by relative timestamp" duration="3"/>
    <testCase name="OutputFilterEngine Time-based Filtering should handle various relative time formats" duration="5"/>
    <testCase name="OutputFilterEngine Line-based Operations should return first N lines (head)" duration="8"/>
    <testCase name="OutputFilterEngine Line-based Operations should return last N lines (tail)" duration="2"/>
    <testCase name="OutputFilterEngine Line-based Operations should return specific line range" duration="4"/>
    <testCase name="OutputFilterEngine Line-based Operations should handle invalid line ranges gracefully" duration="4"/>
    <testCase name="OutputFilterEngine Multi-pattern Search should handle AND logic with multiple patterns" duration="3"/>
    <testCase name="OutputFilterEngine Multi-pattern Search should handle OR logic with multiple patterns" duration="3"/>
    <testCase name="OutputFilterEngine Multi-pattern Search should combine multi-pattern with other filters" duration="2"/>
    <testCase name="OutputFilterEngine Performance and Large Data Tests should handle 100k+ lines efficiently" duration="82"/>
    <testCase name="OutputFilterEngine Performance and Large Data Tests should use streaming mode for large outputs" duration="118"/>
    <testCase name="OutputFilterEngine Performance and Large Data Tests should respect maxLines limit for performance" duration="178"/>
    <testCase name="OutputFilterEngine Performance and Large Data Tests should maintain performance with complex regex patterns" duration="48"/>
    <testCase name="OutputFilterEngine Performance and Large Data Tests should handle memory efficiently with streaming" duration="147"/>
    <testCase name="OutputFilterEngine Combined Filter Operations should apply multiple filters in correct order" duration="2"/>
    <testCase name="OutputFilterEngine Combined Filter Operations should handle edge cases with empty results" duration="2"/>
    <testCase name="OutputFilterEngine Combined Filter Operations should validate filter options" duration="2"/>
    <testCase name="OutputFilterEngine Caching and Optimization should cache regex patterns for performance" duration="7"/>
    <testCase name="OutputFilterEngine Caching and Optimization should cache timestamp parsing for performance" duration="10"/>
    <testCase name="OutputFilterEngine Real-world Scenarios should filter application logs effectively" duration="2"/>
    <testCase name="OutputFilterEngine Real-world Scenarios should handle build output filtering" duration="1"/>
    <testCase name="OutputFilterEngine Real-world Scenarios should filter server access logs" duration="2"/>
  </file>
  <file path="/home/runner/work/mcp-console-automation/mcp-console-automation/src/tests/WorkerPool.test.ts">
    <testCase name="WorkerPool Initialization should initialize with specified number of workers" duration="19"/>
    <testCase name="WorkerPool Initialization should default to 4 workers if not specified" duration="31"/>
    <testCase name="WorkerPool Initialization should throw error if already initialized" duration="35"/>
    <testCase name="WorkerPool Task Execution should execute a simple task" duration="43"/>
    <testCase name="WorkerPool Task Execution should execute multiple tasks in parallel" duration="51"/>
    <testCase name="WorkerPool Task Execution should queue tasks when all workers are busy" duration="51"/>
    <testCase name="WorkerPool Error Handling should handle task timeout" duration="34"/>
    <testCase name="WorkerPool Error Handling should reject new tasks when shutting down" duration="10"/>
    <testCase name="WorkerPool Statistics should track task completion statistics" duration="36"/>
    <testCase name="WorkerPool Shutdown should gracefully shutdown all workers" duration="12"/>
    <testCase name="WorkerPool Shutdown should wait for active tasks before shutdown" duration="108"/>
  </file>
</testExecutions>