<?xml version="1.0" encoding="UTF-8"?>
<testExecutions version="1">
  <file path="/home/runner/work/mcp-console-automation/mcp-console-automation/src/tests/WorkerPool.test.ts">
    <testCase name="WorkerPool Initialization should initialize with specified number of workers" duration="43"/>
    <testCase name="WorkerPool Initialization should default to 4 workers if not specified" duration="28"/>
    <testCase name="WorkerPool Initialization should throw error if already initialized" duration="38"/>
    <testCase name="WorkerPool Task Execution should execute a simple task" duration="48"/>
    <testCase name="WorkerPool Task Execution should execute multiple tasks in parallel" duration="53"/>
    <testCase name="WorkerPool Task Execution should queue tasks when all workers are busy" duration="50"/>
    <testCase name="WorkerPool Error Handling should handle task timeout" duration="34"/>
    <testCase name="WorkerPool Error Handling should reject new tasks when shutting down" duration="10"/>
    <testCase name="WorkerPool Statistics should track task completion statistics" duration="37"/>
    <testCase name="WorkerPool Shutdown should gracefully shutdown all workers" duration="14"/>
    <testCase name="WorkerPool Shutdown should wait for active tasks before shutdown" duration="110"/>
  </file>
</testExecutions>