<?xml version="1.0" encoding="UTF-8"?>
<testExecutions version="1">
  <file path="C:\Users\cheat\source\repos\mcp-console-automation\src\tests\outputFilterEngine.test.ts">
    <testCase name="OutputFilterEngine Basic Pattern Matching should filter lines with simple regex pattern" duration="39"/>
    <testCase name="OutputFilterEngine Basic Pattern Matching should handle case-insensitive matching" duration="2"/>
    <testCase name="OutputFilterEngine Basic Pattern Matching should handle complex regex patterns" duration="2"/>
    <testCase name="OutputFilterEngine Time-based Filtering should filter by absolute timestamp (ISO)" duration="2"/>
    <testCase name="OutputFilterEngine Time-based Filtering should filter by relative timestamp" duration="3"/>
    <testCase name="OutputFilterEngine Time-based Filtering should handle various relative time formats" duration="4"/>
    <testCase name="OutputFilterEngine Line-based Operations should return first N lines (head)" duration="2"/>
    <testCase name="OutputFilterEngine Line-based Operations should return last N lines (tail)" duration="7"/>
    <testCase name="OutputFilterEngine Line-based Operations should return specific line range" duration="4"/>
    <testCase name="OutputFilterEngine Line-based Operations should handle invalid line ranges gracefully" duration="4"/>
    <testCase name="OutputFilterEngine Multi-pattern Search should handle AND logic with multiple patterns" duration="3"/>
    <testCase name="OutputFilterEngine Multi-pattern Search should handle OR logic with multiple patterns" duration="4"/>
    <testCase name="OutputFilterEngine Multi-pattern Search should combine multi-pattern with other filters" duration="4"/>
    <testCase name="OutputFilterEngine Performance and Large Data Tests should handle 100k+ lines efficiently" duration="178"/>
    <testCase name="OutputFilterEngine Performance and Large Data Tests should use streaming mode for large outputs" duration="200"/>
    <testCase name="OutputFilterEngine Performance and Large Data Tests should respect maxLines limit for performance" duration="214"/>
    <testCase name="OutputFilterEngine Performance and Large Data Tests should maintain performance with complex regex patterns" duration="83"/>
    <testCase name="OutputFilterEngine Performance and Large Data Tests should handle memory efficiently with streaming" duration="267"/>
    <testCase name="OutputFilterEngine Combined Filter Operations should apply multiple filters in correct order" duration="2"/>
    <testCase name="OutputFilterEngine Combined Filter Operations should handle edge cases with empty results" duration="2"/>
    <testCase name="OutputFilterEngine Combined Filter Operations should validate filter options" duration="2"/>
    <testCase name="OutputFilterEngine Caching and Optimization should cache regex patterns for performance" duration="18"/>
    <testCase name="OutputFilterEngine Caching and Optimization should cache timestamp parsing for performance" duration="14"/>
    <testCase name="OutputFilterEngine Real-world Scenarios should filter application logs effectively" duration="3"/>
    <testCase name="OutputFilterEngine Real-world Scenarios should handle build output filtering" duration="3"/>
    <testCase name="OutputFilterEngine Real-world Scenarios should filter server access logs" duration="3"/>
  </file>
</testExecutions>