<?xml version="1.0" encoding="UTF-8"?>
<testExecutions version="1">
  <file path="C:\Users\cheat\source\repos\mcp-console-automation\src\tests\phase4-performance.test.ts">
    <testCase name="Phase 4 Performance Parallel vs Sequential Speedup should demonstrate 3-5x speedup with 4 workers" duration="124">
      <failure message="Error: expect(received).toBeGreaterThan(expected)"><![CDATA[Error: expect(received).toBeGreaterThan(expected)

Expected: > 2
Received:   0
    at Object.<anonymous> (C:\Users\cheat\source\repos\mcp-console-automation\src\tests\phase4-performance.test.ts:72:23)
    at processTicksAndRejections (node:internal/process/task_queues:105:5)]]></failure>
    </testCase>
    <testCase name="Phase 4 Performance Parallel vs Sequential Speedup should scale with different worker counts" duration="305">
      <failure message="Error: expect(received).toBeLessThanOrEqual(expected)"><![CDATA[Error: expect(received).toBeLessThanOrEqual(expected)

Expected: <= 63
Received:    102
    at Object.<anonymous> (C:\Users\cheat\source\repos\mcp-console-automation\src\tests\phase4-performance.test.ts:143:35)
    at processTicksAndRejections (node:internal/process/task_queues:105:5)]]></failure>
    </testCase>
    <testCase name="Phase 4 Performance Parallel vs Sequential Speedup should handle large test suite efficiently" duration="264"/>
    <testCase name="Phase 4 Performance Performance Metrics should track execution metrics accurately" duration="74"/>
  </file>
</testExecutions>