<?xml version="1.0" encoding="UTF-8"?>
<testExecutions version="1">
  <file path="C:\Users\cheat\source\repos\mcp-console-automation\src\tests\phase4-performance.test.ts">
    <testCase name="Phase 4 Performance Parallel vs Sequential Speedup should demonstrate 3-5x speedup with 4 workers" duration="186"/>
    <testCase name="Phase 4 Performance Parallel vs Sequential Speedup should scale with different worker counts" duration="448"/>
    <testCase name="Phase 4 Performance Parallel vs Sequential Speedup should handle large test suite efficiently" duration="318"/>
    <testCase name="Phase 4 Performance Performance Metrics should track execution metrics accurately" duration="99"/>
  </file>
</testExecutions>