<?xml version="1.0" encoding="UTF-8"?>
<testExecutions version="1">
  <file path="C:\Users\cheat\source\repos\mcp-console-automation\src\tests\FlakeDetector.test.ts">
    <testCase name="FlakeDetector Flake Detection should detect flaky test with inconsistent results" duration="4"/>
    <testCase name="FlakeDetector Flake Detection should mark stable test as not flaky" duration="2"/>
    <testCase name="FlakeDetector Flake Detection should detect flaky test with occasional failures" duration="2"/>
    <testCase name="FlakeDetector Failure Patterns should extract failure patterns" duration="1"/>
    <testCase name="FlakeDetector Batch Flake Detection should detect multiple flaky tests" duration="1"/>
    <testCase name="FlakeDetector Flake Summary should generate summary for multiple tests" duration="5"/>
    <testCase name="FlakeDetector Recommendations should generate recommendations for flaky tests" duration="1"/>
    <testCase name="FlakeDetector Parallel vs Sequential Detection should run detection in parallel when configured" duration="709"/>
  </file>
</testExecutions>