<?xml version="1.0" encoding="UTF-8"?>
<testExecutions version="1">
  <file path="C:\Users\cheat\source\repos\mcp-console-automation\tests\protocols\ConsoleManager.test.ts">
    <testCase name="ConsoleManager Initialization should initialize successfully" duration="42"/>
    <testCase name="ConsoleManager Initialization should create new instances" duration="27"/>
    <testCase name="ConsoleManager Session Management should create session with protocol detection" duration="130"/>
    <testCase name="ConsoleManager Session Management should throw error when protocol detection fails" duration="33"/>
    <testCase name="ConsoleManager Session Management should get all sessions" duration="96"/>
    <testCase name="ConsoleManager Session Management should get session by ID" duration="75"/>
    <testCase name="ConsoleManager Session Management should stop session" duration="85"/>
    <testCase name="ConsoleManager Command Execution should execute command" duration="78"/>
    <testCase name="ConsoleManager Command Execution should execute command with arguments" duration="72"/>
    <testCase name="ConsoleManager Command Execution should handle command execution with options" duration="81"/>
    <testCase name="ConsoleManager Command Execution should execute command in existing session" duration="85"/>
    <testCase name="ConsoleManager Input/Output Operations should send input to session" duration="80"/>
    <testCase name="ConsoleManager Input/Output Operations should get output from session" duration="73"/>
    <testCase name="ConsoleManager Input/Output Operations should get output with limit" duration="70"/>
    <testCase name="ConsoleManager Input/Output Operations should throw error for operations on non-existent session" duration="236"/>
    <testCase name="ConsoleManager Health Status should get health status" duration="120"/>
    <testCase name="ConsoleManager Error Handling should handle protocol creation failure" duration="10"/>
    <testCase name="ConsoleManager Error Handling should handle session creation failure" duration="102"/>
    <testCase name="ConsoleManager Destruction should destroy manager and all resources" duration="85"/>
    <testCase name="ConsoleManager Destruction should handle destroy when already destroyed" duration="7"/>
    <testCase name="ConsoleManager Destruction should reject operations after destruction" duration="11"/>
  </file>
</testExecutions>